Determining if the include file endian.h exists failed with the following output:
Change Dir: /Users/sn/ucode/backup/json-c/CMakeFiles/CMakeTmp

Run Build Command(s):/usr/bin/make cmTC_b58ba/fast && /Library/Developer/CommandLineTools/usr/bin/make  -f CMakeFiles/cmTC_b58ba.dir/build.make CMakeFiles/cmTC_b58ba.dir/build
Building C object CMakeFiles/cmTC_b58ba.dir/CheckIncludeFile.c.o
/Library/Developer/CommandLineTools/usr/bin/cc -D_GNU_SOURCE  -isysroot /Library/Developer/CommandLineTools/SDKs/MacOSX10.15.sdk   -o CMakeFiles/cmTC_b58ba.dir/CheckIncludeFile.c.o   -c /Users/sn/ucode/backup/json-c/CMakeFiles/CMakeTmp/CheckIncludeFile.c
/Users/sn/ucode/backup/json-c/CMakeFiles/CMakeTmp/CheckIncludeFile.c:1:10: fatal error: 'endian.h' file not found
#include <endian.h>
         ^~~~~~~~~~
1 error generated.
make[1]: *** [CMakeFiles/cmTC_b58ba.dir/CheckIncludeFile.c.o] Error 1
make: *** [cmTC_b58ba/fast] Error 2



Determining if the _isnan exist failed with the following output:
Change Dir: /Users/sn/ucode/backup/json-c/CMakeFiles/CMakeTmp

Run Build Command(s):/usr/bin/make cmTC_01b9b/fast && /Library/Developer/CommandLineTools/usr/bin/make  -f CMakeFiles/cmTC_01b9b.dir/build.make CMakeFiles/cmTC_01b9b.dir/build
Building C object CMakeFiles/cmTC_01b9b.dir/CheckSymbolExists.c.o
/Library/Developer/CommandLineTools/usr/bin/cc -D_GNU_SOURCE  -isysroot /Library/Developer/CommandLineTools/SDKs/MacOSX10.15.sdk   -o CMakeFiles/cmTC_01b9b.dir/CheckSymbolExists.c.o   -c /Users/sn/ucode/backup/json-c/CMakeFiles/CMakeTmp/CheckSymbolExists.c
/Users/sn/ucode/backup/json-c/CMakeFiles/CMakeTmp/CheckSymbolExists.c:8:19: error: use of undeclared identifier '_isnan'
  return ((int*)(&_isnan))[argc];
                  ^
1 error generated.
make[1]: *** [CMakeFiles/cmTC_01b9b.dir/CheckSymbolExists.c.o] Error 1
make: *** [cmTC_01b9b/fast] Error 2


File /Users/sn/ucode/backup/json-c/CMakeFiles/CMakeTmp/CheckSymbolExists.c:
/* */
#include <float.h>

int main(int argc, char** argv)
{
  (void)argv;
#ifndef _isnan
  return ((int*)(&_isnan))[argc];
#else
  (void)argc;
  return 0;
#endif
}
Determining if the _finite exist failed with the following output:
Change Dir: /Users/sn/ucode/backup/json-c/CMakeFiles/CMakeTmp

Run Build Command(s):/usr/bin/make cmTC_b6f27/fast && /Library/Developer/CommandLineTools/usr/bin/make  -f CMakeFiles/cmTC_b6f27.dir/build.make CMakeFiles/cmTC_b6f27.dir/build
Building C object CMakeFiles/cmTC_b6f27.dir/CheckSymbolExists.c.o
/Library/Developer/CommandLineTools/usr/bin/cc -D_GNU_SOURCE  -isysroot /Library/Developer/CommandLineTools/SDKs/MacOSX10.15.sdk   -o CMakeFiles/cmTC_b6f27.dir/CheckSymbolExists.c.o   -c /Users/sn/ucode/backup/json-c/CMakeFiles/CMakeTmp/CheckSymbolExists.c
/Users/sn/ucode/backup/json-c/CMakeFiles/CMakeTmp/CheckSymbolExists.c:8:19: error: use of undeclared identifier '_finite'
  return ((int*)(&_finite))[argc];
                  ^
1 error generated.
make[1]: *** [CMakeFiles/cmTC_b6f27.dir/CheckSymbolExists.c.o] Error 1
make: *** [cmTC_b6f27/fast] Error 2


File /Users/sn/ucode/backup/json-c/CMakeFiles/CMakeTmp/CheckSymbolExists.c:
/* */
#include <float.h>

int main(int argc, char** argv)
{
  (void)argv;
#ifndef _finite
  return ((int*)(&_finite))[argc];
#else
  (void)argc;
  return 0;
#endif
}
Determining if the _doprnt exist failed with the following output:
Change Dir: /Users/sn/ucode/backup/json-c/CMakeFiles/CMakeTmp

Run Build Command(s):/usr/bin/make cmTC_089b7/fast && /Library/Developer/CommandLineTools/usr/bin/make  -f CMakeFiles/cmTC_089b7.dir/build.make CMakeFiles/cmTC_089b7.dir/build
Building C object CMakeFiles/cmTC_089b7.dir/CheckSymbolExists.c.o
/Library/Developer/CommandLineTools/usr/bin/cc -D_GNU_SOURCE  -isysroot /Library/Developer/CommandLineTools/SDKs/MacOSX10.15.sdk   -o CMakeFiles/cmTC_089b7.dir/CheckSymbolExists.c.o   -c /Users/sn/ucode/backup/json-c/CMakeFiles/CMakeTmp/CheckSymbolExists.c
/Users/sn/ucode/backup/json-c/CMakeFiles/CMakeTmp/CheckSymbolExists.c:8:19: error: use of undeclared identifier '_doprnt'; did you mean 'fdopen'?
  return ((int*)(&_doprnt))[argc];
                  ^~~~~~~
                  fdopen
/Library/Developer/CommandLineTools/SDKs/MacOSX10.15.sdk/usr/include/stdio.h:210:7: note: 'fdopen' declared here
FILE    *fdopen(int, const char *) __DARWIN_ALIAS_STARTING(__MAC_10_6, __IPHONE_2_0, __DARWIN_ALIAS(fdopen));
         ^
1 error generated.
make[1]: *** [CMakeFiles/cmTC_089b7.dir/CheckSymbolExists.c.o] Error 1
make: *** [cmTC_089b7/fast] Error 2


File /Users/sn/ucode/backup/json-c/CMakeFiles/CMakeTmp/CheckSymbolExists.c:
/* */
#include <stdio.h>

int main(int argc, char** argv)
{
  (void)argv;
#ifndef _doprnt
  return ((int*)(&_doprnt))[argc];
#else
  (void)argc;
  return 0;
#endif
}
Determining if the uselocale exist failed with the following output:
Change Dir: /Users/sn/ucode/backup/json-c/CMakeFiles/CMakeTmp

Run Build Command(s):/usr/bin/make cmTC_20bda/fast && /Library/Developer/CommandLineTools/usr/bin/make  -f CMakeFiles/cmTC_20bda.dir/build.make CMakeFiles/cmTC_20bda.dir/build
Building C object CMakeFiles/cmTC_20bda.dir/CheckSymbolExists.c.o
/Library/Developer/CommandLineTools/usr/bin/cc -D_GNU_SOURCE  -isysroot /Library/Developer/CommandLineTools/SDKs/MacOSX10.15.sdk   -o CMakeFiles/cmTC_20bda.dir/CheckSymbolExists.c.o   -c /Users/sn/ucode/backup/json-c/CMakeFiles/CMakeTmp/CheckSymbolExists.c
/Users/sn/ucode/backup/json-c/CMakeFiles/CMakeTmp/CheckSymbolExists.c:8:19: error: use of undeclared identifier 'uselocale'; did you mean 'setlocale'?
  return ((int*)(&uselocale))[argc];
                  ^~~~~~~~~
                  setlocale
/Library/Developer/CommandLineTools/SDKs/MacOSX10.15.sdk/usr/include/locale.h:53:8: note: 'setlocale' declared here
char            *setlocale(int, const char *);
                 ^
1 error generated.
make[1]: *** [CMakeFiles/cmTC_20bda.dir/CheckSymbolExists.c.o] Error 1
make: *** [cmTC_20bda/fast] Error 2


File /Users/sn/ucode/backup/json-c/CMakeFiles/CMakeTmp/CheckSymbolExists.c:
/* */
#include <locale.h>

int main(int argc, char** argv)
{
  (void)argv;
#ifndef uselocale
  return ((int*)(&uselocale))[argc];
#else
  (void)argc;
  return 0;
#endif
}
Performing C SOURCE FILE Test HAS_GNU_WARNING_LONG failed with the following output:
Change Dir: /Users/sn/ucode/backup/json-c/CMakeFiles/CMakeTmp

Run Build Command(s):/usr/bin/make cmTC_e3132/fast && /Library/Developer/CommandLineTools/usr/bin/make  -f CMakeFiles/cmTC_e3132.dir/build.make CMakeFiles/cmTC_e3132.dir/build
Building C object CMakeFiles/cmTC_e3132.dir/src.c.o
/Library/Developer/CommandLineTools/usr/bin/cc -D_GNU_SOURCE  -DHAS_GNU_WARNING_LONG -isysroot /Library/Developer/CommandLineTools/SDKs/MacOSX10.15.sdk   -o CMakeFiles/cmTC_e3132.dir/src.c.o   -c /Users/sn/ucode/backup/json-c/CMakeFiles/CMakeTmp/src.c
/Users/sn/ucode/backup/json-c/CMakeFiles/CMakeTmp/src.c:3:5: error: second parameter of 'main' (argument array) must be of type 'char **'
int main(int c, char *v) { return 0;}
    ^
1 error generated.
make[1]: *** [CMakeFiles/cmTC_e3132.dir/src.c.o] Error 1
make: *** [cmTC_e3132/fast] Error 2


Source file was:
extern void json_object_get();
__asm__(".section .gnu.json_object_get\n\t.ascii \"Please link against libjson-c instead of libjson\"\n\t.text");
int main(int c, char *v) { return 0;}

Performing C SOURCE FILE Test BSYMBOLIC_WORKS failed with the following output:
Change Dir: /Users/sn/ucode/backup/json-c/CMakeFiles/CMakeTmp

Run Build Command(s):/usr/bin/make cmTC_6631c/fast && /Library/Developer/CommandLineTools/usr/bin/make  -f CMakeFiles/cmTC_6631c.dir/build.make CMakeFiles/cmTC_6631c.dir/build
Building C object CMakeFiles/cmTC_6631c.dir/src.c.o
/Library/Developer/CommandLineTools/usr/bin/cc -D_GNU_SOURCE  -DBSYMBOLIC_WORKS -isysroot /Library/Developer/CommandLineTools/SDKs/MacOSX10.15.sdk   -o CMakeFiles/cmTC_6631c.dir/src.c.o   -c /Users/sn/ucode/backup/json-c/CMakeFiles/CMakeTmp/src.c
Linking C executable cmTC_6631c
/usr/local/bin/cmake -E cmake_link_script CMakeFiles/cmTC_6631c.dir/link.txt --verbose=1
/Library/Developer/CommandLineTools/usr/bin/cc  -DBSYMBOLIC_WORKS -isysroot /Library/Developer/CommandLineTools/SDKs/MacOSX10.15.sdk -Wl,-search_paths_first -Wl,-headerpad_max_install_names   CMakeFiles/cmTC_6631c.dir/src.c.o  -o cmTC_6631c  -lm -Wl,-Bsymbolic-functions 
ld: unknown option: -Bsymbolic-functions
clang: error: linker command failed with exit code 1 (use -v to see invocation)
make[1]: *** [cmTC_6631c] Error 1
make: *** [cmTC_6631c/fast] Error 2


Source file was:
	int main (void)
	{
	  return 0;
	}
	
